proguard.cfg
-dontusemixedcaseclassnames
-dontskipnonpubliclibraryclasses
-dontskipnonpubliclibraryclassmembers
-dontpreverify
-dontobfuscate
-dontshrink
-ignorewarnings


-keep public class * extends it.spisser.acqua.AcquaBaseActivity
-keep public class it.spisser.acqua.MappaActivity
-keep public class * extends android.app.Activity
-keep public class * extends android.app.Application
-keep public class * extends android.app.Service
-keep public class * extends android.content.BroadcastReceiver
-keep public class * extends android.content.ContentProvider
-keep public class * extends android.preference.Preference
-keep public class * extends com.google.android.maps.MapActivity
-keep public class * extends com.google.android.maps.MapController
-keep public class * extends com.google.android.maps.MapView
-keep public class * extends com.google.android.maps.ItemizedOverlay


-keepclasseswithmembernames class * {
    native <methods>;
}

-keepclasseswithmembernames class * {
    public <init>(android.content.Context, android.util.AttributeSet);
}

-keepclasseswithmembernames class * {
    public <init>(android.content.Context, android.util.AttributeSet, int);
}

-keepclassmembers enum * {
    public static **[] values();
    public static ** valueOf(java.lang.String);
}

-keep class * implements android.os.Parcelable {
  public static final android.os.Parcelable$Creator *;
}

-assumenosideeffects class android.util.Log {
    public static *** i(...);
    public static *** v(...);
    public static *** w(...);
    
}